2020-08-08 13:52:15[ INFO ]{dataSource-1} inited
2020-08-08 13:52:16[ INFO ]*******************************
2020-08-08 13:52:16[ INFO ]登陆账户:admin
2020-08-08 13:52:45[ INFO ]查询工作台信息
2020-08-08 13:54:21[ INFO ]*******************************
2020-08-08 13:54:21[ INFO ]登陆账户:admin
2020-08-08 13:55:47[ INFO ]*******************************
2020-08-08 13:55:47[ INFO ]登陆账户:admin
2020-08-08 13:55:55[ INFO ]查询工作台信息
2020-08-08 13:56:57[ INFO ]*******************************
2020-08-08 13:56:57[ INFO ]登陆账户:admin
2020-08-08 13:57:59[ INFO ]*******************************
2020-08-08 13:57:59[ INFO ]登陆账户:admin
2020-08-08 13:58:27[ INFO ]账户：null退出成功
2020-08-08 13:58:27[ INFO ]**********************************************
2020-11-21 19:07:32[ INFO ]{dataSource-1} inited
2020-11-21 19:07:33[ INFO ]*******************************
2020-11-21 19:07:33[ INFO ]登陆账户:admin
2020-11-22 15:03:25[ INFO ]{dataSource-1} inited
2020-11-22 15:03:27[ INFO ]*******************************
2020-11-22 15:03:27[ INFO ]登陆账户:admin
